\BOOKMARK [1][-]{section.1}{Abstract}{}% 1
\BOOKMARK [1][-]{section.2}{Utenti destinatari}{}% 2
\BOOKMARK [1][-]{section.3}{Progettazione}{}% 3
\BOOKMARK [2][-]{subsection.3.1}{Struttura}{section.3}% 4
\BOOKMARK [3][-]{subsubsection.3.1.1}{Organizzazione cartelle}{subsection.3.1}% 5
\BOOKMARK [3][-]{subsubsection.3.1.2}{Definizione}{subsection.3.1}% 6
\BOOKMARK [3][-]{subsubsection.3.1.3}{Database}{subsection.3.1}% 7
\BOOKMARK [2][-]{subsection.3.2}{Presentazione}{section.3}% 8
\BOOKMARK [2][-]{subsection.3.3}{Javascript}{section.3}% 9
\BOOKMARK [2][-]{subsection.3.4}{Perl}{section.3}% 10
\BOOKMARK [2][-]{subsection.3.5}{XSLT}{section.3}% 11
\BOOKMARK [1][-]{section.4}{Accessibilit\340}{}% 12
\BOOKMARK [2][-]{subsection.4.1}{Struttura}{section.4}% 13
\BOOKMARK [2][-]{subsection.4.2}{Presentazione}{section.4}% 14
\BOOKMARK [2][-]{subsection.4.3}{Comportamento}{section.4}% 15
\BOOKMARK [2][-]{subsection.4.4}{Test effettuati}{section.4}% 16
\BOOKMARK [3][-]{subsubsection.4.4.1}{Conformit\340 standard WCAG}{subsection.4.4}% 17
\BOOKMARK [3][-]{subsubsection.4.4.2}{Contrato testo e sfondo}{subsection.4.4}% 18
\BOOKMARK [3][-]{subsubsection.4.4.3}{Screen reader}{subsection.4.4}% 19
\BOOKMARK [3][-]{subsubsection.4.4.4}{Disturbi visivi}{subsection.4.4}% 20
\BOOKMARK [1][-]{section.5}{Usabilit\340}{}% 21
\BOOKMARK [1][-]{section.6}{Validazione}{}% 22
\BOOKMARK [2][-]{subsection.6.1}{XHTML}{section.6}% 23
\BOOKMARK [2][-]{subsection.6.2}{CSS}{section.6}% 24
\BOOKMARK [2][-]{subsection.6.3}{XML e XSD}{section.6}% 25
\BOOKMARK [1][-]{section.7}{xmlSchema}{}% 26
\BOOKMARK [1][-]{section.8}{Ruoli}{}% 27
